<?xml version="1.0" encoding="UTF-8"?>
<!-- Generated by org.testng.reporters.JUnitReportReporter -->
<testsuite skipped="0" hostname="DESKTOP-60J3I2V" name="script.InvalidLogin" tests="1" failures="0" timestamp="11 Mar 2018 17:35:54 GMT" time="22.542" errors="0">
  <testcase name="testInvalidLogin" time="22.542" classname="script.InvalidLogin"/>
</testsuite> <!-- script.InvalidLogin -->
