<?xml version="1.0" encoding="UTF-8"?>
<!-- Generated by org.testng.reporters.JUnitReportReporter -->
<testsuite skipped="0" hostname="DESKTOP-60J3I2V" name="script.ValidLogin" tests="1" failures="0" timestamp="11 Mar 2018 17:34:40 GMT" time="14.499" errors="0">
  <testcase name="testValidLogin" time="14.499" classname="script.ValidLogin"/>
</testsuite> <!-- script.ValidLogin -->
